<?xml version="1.0" encoding="UTF-8"?>
<!-- Generated by org.testng.reporters.JUnitReportReporter -->
<testsuite hostname="LTIN445772" failures="0" tests="1" name="dataDriven.ExcelDataProvider.Excel" time="0.663" errors="0" timestamp="2024-08-29T15:42:36 IST" skipped="0">
  <testcase classname="dataDriven.ExcelDataProvider.Excel" name="getData" time="0.663"/>
  <system-out/>
</testsuite> <!-- dataDriven.ExcelDataProvider.Excel -->
