<?xml version="1.0" encoding="UTF-8"?>
<!-- Generated by org.testng.reporters.JUnitReportReporter -->
<testsuite hostname="LTIN445772" failures="0" tests="3" name="dataDriven.ExcelDataProvider.DataProvider" time="0.012" errors="0" timestamp="2024-08-29T15:58:17 IST" skipped="0">
  <testcase classname="dataDriven.ExcelDataProvider.DataProvider" name="testCaseData" time="0.002"/>
  <system-out/>
  <testcase classname="dataDriven.ExcelDataProvider.DataProvider" name="testCaseData" time="0.008"/>
  <system-out/>
  <testcase classname="dataDriven.ExcelDataProvider.DataProvider" name="testCaseData" time="0.002"/>
  <system-out/>
</testsuite> <!-- dataDriven.ExcelDataProvider.DataProvider -->
